This is e-pTeX, Version 3.141592653-p3.9.0-210218-2.6 (utf8.euc) (TeX Live 2021) (preloaded format=platex 2021.5.17)  10 DEC 2021 22:27
entering extended mode
 restricted \write18 enabled.
 file:line:error style messages enabled.
 %&-line parsing enabled.
**/Users/genku/PhysicsLaboratory/qualitativeAnalysis/qualitativeAnalysis.tex
(/Users/genku/PhysicsLaboratory/qualitativeAnalysis/qualitativeAnalysis.tex
pLaTeX2e <2020-10-01>+2 (based on LaTeX2e <2020-10-01> patch level 4)
L3 programming layer <2021-02-18> (/usr/local/texlive/2021/texmf-dist/tex/platex/base/jarticle.cls
Document Class: jarticle 2020/09/30 v1.8f Standard pLaTeX class
\c@@paper=\count178
(/usr/local/texlive/2021/texmf-dist/tex/platex/base/jsize10.clo
File: jsize10.clo 2020/09/30 v1.8f Standard pLaTeX file (size option)
)
\c@part=\count179
\c@section=\count180
\c@subsection=\count181
\c@subsubsection=\count182
\c@paragraph=\count183
\c@subparagraph=\count184
\c@figure=\count185
\c@table=\count186
\abovecaptionskip=\skip47
\belowcaptionskip=\skip48
\symmincho=\mathgroup4
LaTeX Font Info:    Overwriting symbol font `mincho' in version `bold'
(Font)                  JY1/mc/m/n --> JY1/gt/m/n on input line 615.
\toclineskip=\dimen154
\@lnumwidth=\dimen155
\bibindent=\dimen156
\heisei=\count187
) (/usr/local/texlive/2021/texmf-dist/tex/latex/mhchem/mhchem.sty
Package: mhchem 2018/06/22 v4.08 for typesetting chemical formulae
(/usr/local/texlive/2021/texmf-dist/tex/latex/l3kernel/expl3.sty
Package: expl3 2021-02-18 L3 programming layer (loader) 
(/usr/local/texlive/2021/texmf-dist/tex/latex/l3backend/l3backend-dvips.def
File: l3backend-dvips.def 2021-03-18 L3 backend support: dvips
\l__pdf_internal_box=\box64
\g__pdf_backend_object_int=\count188
\l__pdf_backend_content_box=\box65
\l__pdf_backend_model_box=\box66
\g__pdf_backend_annotation_int=\count189
\g__pdf_backend_link_int=\count190
\g__pdf_backend_link_sf_int=\count191
)) (/usr/local/texlive/2021/texmf-dist/tex/latex/l3packages/l3keys2e/l3keys2e.sty
Package: l3keys2e 2021-03-12 LaTeX2e option processing using LaTeX3 keys
) (/usr/local/texlive/2021/texmf-dist/tex/latex/tools/calc.sty
Package: calc 2017/05/25 v4.3 Infix arithmetic (KKT,FJ)
\calc@Acount=\count192
\calc@Bcount=\count193
\calc@Adimen=\dimen157
\calc@Bdimen=\dimen158
\calc@Askip=\skip49
\calc@Bskip=\skip50
LaTeX Info: Redefining \setlength on input line 80.
LaTeX Info: Redefining \addtolength on input line 81.
\calc@Ccount=\count194
\calc@Cskip=\skip51
) (/usr/local/texlive/2021/texmf-dist/tex/latex/amsmath/amsmath.sty
Package: amsmath 2020/09/23 v2.17i AMS math features
\@mathmargin=\skip52
For additional information on amsmath, use the `?' option.
(/usr/local/texlive/2021/texmf-dist/tex/latex/amsmath/amstext.sty
Package: amstext 2000/06/29 v2.01 AMS text
(/usr/local/texlive/2021/texmf-dist/tex/latex/amsmath/amsgen.sty
File: amsgen.sty 1999/11/30 v2.0 generic functions
\@emptytoks=\toks16
\ex@=\dimen159
)) (/usr/local/texlive/2021/texmf-dist/tex/latex/amsmath/amsbsy.sty
Package: amsbsy 1999/11/29 v1.2d Bold Symbols
\pmbraise@=\dimen160
) (/usr/local/texlive/2021/texmf-dist/tex/latex/amsmath/amsopn.sty
Package: amsopn 2016/03/08 v2.02 operator names
)
\inf@bad=\count195
LaTeX Info: Redefining \frac on input line 234.
\uproot@=\count196
\leftroot@=\count197
LaTeX Info: Redefining \overline on input line 399.
\classnum@=\count198
\DOTSCASE@=\count199
LaTeX Info: Redefining \ldots on input line 496.
LaTeX Info: Redefining \dots on input line 499.
LaTeX Info: Redefining \cdots on input line 620.
\Mathstrutbox@=\box67
\strutbox@=\box68
\big@size=\dimen161
LaTeX Font Info:    Redeclaring font encoding OML on input line 743.
LaTeX Font Info:    Redeclaring font encoding OMS on input line 744.
\macc@depth=\count266
\c@MaxMatrixCols=\count267
\dotsspace@=\muskip16
\c@parentequation=\count268
\dspbrk@lvl=\count269
\tag@help=\toks17
\row@=\count270
\column@=\count271
\maxfields@=\count272
\andhelp@=\toks18
\eqnshift@=\dimen162
\alignsep@=\dimen163
\tagshift@=\dimen164
\tagwidth@=\dimen165
\totwidth@=\dimen166
\lineht@=\dimen167
\@envbody=\toks19
\multlinegap=\skip53
\multlinetaggap=\skip54
\mathdisplay@stack=\toks20
LaTeX Info: Redefining \[ on input line 2923.
LaTeX Info: Redefining \] on input line 2924.
) (/usr/local/texlive/2021/texmf-dist/tex/latex/chemgreek/chemgreek.sty (/usr/local/texlive/2021/texmf-dist/tex/latex/l3packages/xparse/xparse.sty (/usr/local/texlive/2021/texmf-dist/tex/latex/l3packages/xparse/xparse-2020-10-01.sty (/usr/local/texlive/2021/texmf-dist/tex/latex/l3packages/xparse/xparse-generic.tex)))
Package: chemgreek 2020/01/16 v1.1a interface for upright Greek letters for use in chemistry (CN)
\l__chemgreek_tmpa_int=\count273
\g__chemgreek_tmpa_int=\count274
) (/usr/local/texlive/2021/texmf-dist/tex/latex/graphics/graphics.sty
Package: graphics 2020/08/30 v1.4c Standard LaTeX Graphics (DPC,SPQR)
(/usr/local/texlive/2021/texmf-dist/tex/latex/graphics/trig.sty
Package: trig 2016/01/03 v1.10 sin cos tan (DPC)
) (/usr/local/texlive/2021/texmf-dist/tex/latex/graphics-cfg/graphics.cfg
File: graphics.cfg 2016/06/04 v1.11 sample graphics configuration
)
Package graphics Info: Driver file: dvips.def on input line 105.
(/usr/local/texlive/2021/texmf-dist/tex/latex/graphics-def/dvips.def
File: dvips.def 2017/06/20 v3.1d Graphics/color driver for dvips
))
\l__mhchem_ce_distanceFromLastComma_int=\count275
\__mhchem_arrow_extPgfLength_skip=\skip55
\mhchem@minispace@tmp=\skip56
\mhchem@minibackspace@tmp=\skip57
\mhchem@bondwidth=\skip58
\mhchem@bondheight=\skip59
\mhchem@smallbondwidth@tmpA=\skip60
\mhchem@smallbondwidth@tmpB=\skip61
\mhchem@smallbondwidth=\skip62
\mhchem@bondtmp@minussidebearingleft=\skip63
\mhchem@bondtmp@minussidebearingright=\skip64
\l__mhchem_option_version_int=\count276
\mhchem@option@minusmathsidebearingleft=\dimen168
\mhchem@option@minusmathsidebearingright=\dimen169
\mhchem@option@minustextsidebearingleft=\dimen170
\mhchem@option@minustextsidebearingright=\dimen171
) (/usr/local/texlive/2021/texmf-dist/tex/latex/graphics/graphicx.sty
Package: graphicx 2020/09/09 v1.2b Enhanced LaTeX Graphics (DPC,SPQR)
(/usr/local/texlive/2021/texmf-dist/tex/latex/graphics/keyval.sty
Package: keyval 2014/10/28 v1.15 key=value parser (DPC)
\KV@toks@=\toks21
)
\Gin@req@height=\dimen172
\Gin@req@width=\dimen173
) (out/qualitativeAnalysis.aux)
\openout1 = `qualitativeAnalysis.aux'.

LaTeX Font Info:    Checking defaults for OML/cmm/m/it on input line 7.
LaTeX Font Info:    ... okay on input line 7.
LaTeX Font Info:    Checking defaults for OMS/cmsy/m/n on input line 7.
LaTeX Font Info:    ... okay on input line 7.
LaTeX Font Info:    Checking defaults for OT1/cmr/m/n on input line 7.
LaTeX Font Info:    ... okay on input line 7.
LaTeX Font Info:    Checking defaults for T1/cmr/m/n on input line 7.
LaTeX Font Info:    ... okay on input line 7.
LaTeX Font Info:    Checking defaults for TS1/cmr/m/n on input line 7.
LaTeX Font Info:    ... okay on input line 7.
LaTeX Font Info:    Checking defaults for OMX/cmex/m/n on input line 7.
LaTeX Font Info:    ... okay on input line 7.
LaTeX Font Info:    Checking defaults for U/cmr/m/n on input line 7.
LaTeX Font Info:    ... okay on input line 7.
LaTeX Font Info:    Checking defaults for JY1/mc/m/n on input line 7.
LaTeX Font Info:    ... okay on input line 7.
LaTeX Font Info:    Checking defaults for JT1/mc/m/n on input line 7.
LaTeX Font Info:    ... okay on input line 7.

Package chemgreek Info: Activating mapping `default' on line 7.

LaTeX Font Info:    Font shape `JT1/mc/bx/n' in size <14.4> not available
(Font)              Font shape `JT1/gt/m/n' tried instead on input line 9.
LaTeX Font Info:    Font shape `JY1/mc/bx/n' in size <14.4> not available
(Font)              Font shape `JY1/gt/m/n' tried instead on input line 9.
LaTeX Font Info:    Font shape `JT1/mc/bx/n' in size <12> not available
(Font)              Font shape `JT1/gt/m/n' tried instead on input line 17.
LaTeX Font Info:    Font shape `JY1/mc/bx/n' in size <12> not available
(Font)              Font shape `JY1/gt/m/n' tried instead on input line 17.
LaTeX Font Info:    Font shape `JT1/mc/bx/n' in size <10> not available
(Font)              Font shape `JT1/gt/m/n' tried instead on input line 18.
LaTeX Font Info:    Font shape `JY1/mc/bx/n' in size <10> not available
(Font)              Font shape `JY1/gt/m/n' tried instead on input line 18.
[1

] [2] [3] (out/qualitativeAnalysis.aux) ) 
Here is how much of TeX's memory you used:
 2524 strings out of 479466
 44279 string characters out of 5870548
 376935 words of memory out of 5000000
 20224 multiletter control sequences out of 15000+600000
 414621 words of font info for 71 fonts, out of 8000000 for 9000
 929 hyphenation exceptions out of 8191
 85i,16n,88p,431b,387s stack positions out of 5000i,500n,10000p,200000b,80000s

Output written on out/qualitativeAnalysis.dvi (3 pages, 10208 bytes).
